[2023-05-31 14:17:35,601] ERROR in logging: This is a test error
[2023-05-31 14:18:13,252] ERROR in logging: This is a test error
[2023-05-31 14:18:35,001] ERROR in logging: This is a test error
[2023-05-31 14:18:55,129] ERROR in logging: This is a test error
[2023-05-31 14:20:03,617] ERROR in logging: This is a test error
[2023-05-31 14:21:58,687] ERROR in logging: This is a test error
[2023-05-31 14:22:31,683] ERROR in logging: This is a test error
[2023-05-31 14:22:48,114] ERROR in logging: This is a test error
Homepage was accessed at 2023-05-31 14:22:50.688669 hours!
Homepage was accessed at 2023-05-31 14:23:33.234833 hours!
[2023-05-31 14:25:10,894] INFO in logging: This is a test error
[2023-05-31 14:25:23,301] INFO in logging: Logger Started
Homepage was accessed at 2023-05-31 14:25:24.259645 hours!
[2023-05-31 14:59:20,540] INFO in myLogger: Logger Started
Homepage was accessed at 2023-05-31 14:59:31.834542 hours!
[2023-05-26 15:54:53,307] ERROR in settings: This is a test error
[2023-05-26 15:55:06,464] ERROR in settings: This is a test error
[2023-05-26 16:00:14,432] ERROR in settings: This is a test error
[2023-05-26 16:01:17,136] ERROR in settings: This is a test error
[2023-05-26 16:01:28,991] ERROR in settings: This is a test error
[2023-05-26 17:23:26,228] ERROR in settings: This is a test error
[2023-05-26 17:23:41,485] ERROR in settings: This is a test error
[2023-05-26 19:51:06,960] ERROR in settings: This is a test error
[2023-05-26 19:51:19,756] ERROR in settings: This is a test error
[2023-05-27 11:04:29,057] ERROR in settings: This is a test error
[2023-05-27 11:04:52,161] ERROR in settings: This is a test error
[2023-05-27 22:23:26,503] ERROR in settings: This is a test error
[2023-05-27 22:23:38,279] ERROR in settings: This is a test error
[2023-05-28 00:05:33,014] ERROR in settings: This is a test error
[2023-05-28 00:09:05,621] ERROR in settings: This is a test error
[2023-05-28 00:09:22,264] ERROR in settings: This is a test error
[2023-05-28 00:10:05,491] ERROR in settings: This is a test error
[2023-05-28 00:10:34,885] ERROR in settings: This is a test error
[2023-05-28 00:11:10,409] ERROR in settings: This is a test error
[2023-05-28 00:11:16,855] ERROR in settings: This is a test error
[2023-05-28 00:12:47,044] ERROR in settings: This is a test error
[2023-05-28 00:12:57,416] ERROR in settings: This is a test error
[2023-05-28 00:18:08,064] ERROR in settings: This is a test error
[2023-05-28 00:18:23,642] ERROR in settings: This is a test error
[2023-05-28 00:19:39,263] ERROR in settings: This is a test error
[2023-05-28 00:19:50,737] ERROR in settings: This is a test error
[2023-05-28 00:22:07,204] ERROR in settings: This is a test error
[2023-05-28 00:25:47,959] ERROR in settings: This is a test error
[2023-05-28 00:25:57,588] ERROR in settings: This is a test error
[2023-05-28 00:26:09,643] ERROR in settings: This is a test error
[2023-05-28 00:29:42,027] ERROR in settings: This is a test error
[2023-05-28 00:29:49,854] ERROR in settings: This is a test error
[2023-05-28 00:33:29,842] ERROR in settings: This is a test error
[2023-05-28 00:33:58,973] ERROR in settings: This is a test error
[2023-05-28 00:34:14,405] ERROR in settings: This is a test error
[2023-05-28 00:34:26,746] ERROR in settings: This is a test error
[2023-05-28 00:36:03,293] ERROR in settings: This is a test error
[2023-05-28 00:36:25,083] ERROR in settings: This is a test error
[2023-05-28 00:36:32,248] ERROR in settings: This is a test error
[2023-05-28 00:39:18,271] ERROR in settings: This is a test error
[2023-05-28 00:41:52,634] ERROR in settings: This is a test error
[2023-05-28 00:42:41,601] ERROR in settings: This is a test error
[2023-05-28 00:42:50,451] ERROR in settings: This is a test error
[2023-05-28 00:44:57,346] ERROR in settings: This is a test error
[2023-05-28 00:45:06,788] ERROR in settings: This is a test error
[2023-05-28 00:49:17,599] ERROR in settings: This is a test error
[2023-05-28 00:49:25,157] ERROR in settings: This is a test error
[2023-05-28 00:53:20,357] ERROR in settings: This is a test error
[2023-05-28 00:53:29,506] ERROR in settings: This is a test error
[2023-05-28 00:54:50,811] ERROR in settings: This is a test error
[2023-05-28 00:58:11,825] ERROR in settings: This is a test error
[2023-05-28 00:58:19,569] ERROR in settings: This is a test error
[2023-05-28 00:59:28,275] ERROR in settings: This is a test error
[2023-05-28 01:00:57,073] ERROR in settings: This is a test error
[2023-05-28 01:01:08,870] ERROR in settings: This is a test error
[2023-05-28 01:02:06,817] ERROR in settings: This is a test error
[2023-05-28 01:02:48,681] ERROR in settings: This is a test error
[2023-05-28 01:04:14,595] ERROR in settings: This is a test error
[2023-05-28 01:04:22,220] ERROR in settings: This is a test error
[2023-05-28 01:05:10,407] ERROR in settings: This is a test error
[2023-05-28 01:15:57,246] ERROR in settings: This is a test error
[2023-05-28 01:22:42,788] ERROR in settings: This is a test error
[2023-05-28 01:23:06,310] ERROR in settings: This is a test error
[2023-05-28 01:24:05,996] ERROR in settings: This is a test error
[2023-05-28 01:30:24,989] ERROR in settings: This is a test error
[2023-05-28 01:34:24,272] ERROR in settings: This is a test error
[2023-05-28 01:34:50,163] ERROR in settings: This is a test error
[2023-05-28 01:35:13,905] ERROR in settings: This is a test error
[2023-05-28 01:35:35,082] ERROR in settings: This is a test error
[2023-05-28 01:40:56,468] ERROR in settings: This is a test error
[2023-05-28 01:41:19,030] ERROR in settings: This is a test error
[2023-05-28 01:43:17,353] ERROR in settings: This is a test error
[2023-05-28 01:43:29,889] ERROR in settings: This is a test error
[2023-05-28 01:45:08,193] ERROR in settings: This is a test error
[2023-05-28 01:45:16,526] ERROR in settings: This is a test error
[2023-05-28 01:48:18,462] ERROR in settings: This is a test error
[2023-05-28 01:51:21,308] ERROR in settings: This is a test error
[2023-05-28 01:51:49,960] ERROR in settings: This is a test error
[2023-05-28 01:53:49,418] ERROR in settings: This is a test error
[2023-05-28 01:55:03,451] ERROR in settings: This is a test error
[2023-05-28 01:55:52,485] ERROR in settings: This is a test error
[2023-05-28 01:57:05,042] ERROR in settings: This is a test error
[2023-05-28 01:58:46,241] ERROR in settings: This is a test error
[2023-05-28 01:58:53,338] ERROR in settings: This is a test error
[2023-05-28 02:02:45,079] ERROR in settings: This is a test error
[2023-05-28 02:02:53,247] ERROR in settings: This is a test error
[2023-05-28 02:21:22,550] ERROR in settings: This is a test error
[2023-05-28 02:21:32,622] ERROR in settings: This is a test error
[2023-05-28 02:23:21,730] ERROR in settings: This is a test error
[2023-05-28 02:23:32,307] ERROR in settings: This is a test error
[2023-05-28 02:25:58,109] ERROR in settings: This is a test error
[2023-05-28 02:26:12,084] ERROR in settings: This is a test error
[2023-05-28 02:27:45,896] ERROR in settings: This is a test error
[2023-05-28 02:27:55,641] ERROR in settings: This is a test error
[2023-05-28 02:28:53,578] ERROR in settings: This is a test error
[2023-05-28 02:31:55,230] ERROR in settings: This is a test error
[2023-05-28 02:32:12,257] ERROR in settings: This is a test error
[2023-05-28 09:00:29,435] ERROR in settings: This is a test error
[2023-05-28 09:00:49,227] ERROR in settings: This is a test error
[2023-05-28 09:03:37,317] ERROR in settings: This is a test error
[2023-05-28 09:19:31,416] ERROR in settings: This is a test error
[2023-05-28 09:19:58,326] ERROR in settings: This is a test error
[2023-05-28 09:25:20,845] ERROR in settings: This is a test error
[2023-05-28 09:27:49,249] ERROR in settings: This is a test error
[2023-05-28 09:28:19,935] ERROR in settings: This is a test error
[2023-05-28 09:28:35,621] ERROR in settings: This is a test error
[2023-05-28 09:28:56,265] ERROR in settings: This is a test error
[2023-05-28 09:29:10,719] ERROR in settings: This is a test error
[2023-05-28 09:29:26,720] ERROR in settings: This is a test error
[2023-05-28 09:53:31,729] ERROR in settings: This is a test error
[2023-05-28 09:55:25,405] ERROR in settings: This is a test error
[2023-05-28 09:55:39,228] ERROR in settings: This is a test error
[2023-05-28 09:57:12,953] ERROR in settings: This is a test error
[2023-05-28 09:58:55,321] ERROR in settings: This is a test error
[2023-05-28 09:59:09,336] ERROR in settings: This is a test error
[2023-05-28 10:14:15,794] ERROR in settings: This is a test error
[2023-05-28 10:14:29,995] ERROR in settings: This is a test error
[2023-05-28 10:18:18,315] ERROR in settings: This is a test error
[2023-05-28 10:18:37,501] ERROR in settings: This is a test error
[2023-05-28 10:18:44,954] ERROR in settings: This is a test error
[2023-05-28 10:23:06,079] ERROR in settings: This is a test error
[2023-05-28 10:23:21,098] ERROR in settings: This is a test error
[2023-05-28 10:26:58,080] ERROR in settings: This is a test error
[2023-05-28 10:27:33,575] ERROR in settings: This is a test error
[2023-05-28 10:27:50,176] ERROR in settings: This is a test error
[2023-05-28 10:28:07,623] ERROR in settings: This is a test error
[2023-05-28 10:28:22,743] ERROR in settings: This is a test error
[2023-05-28 10:28:32,127] ERROR in settings: This is a test error
[2023-05-28 10:28:38,798] ERROR in settings: This is a test error
[2023-05-28 11:42:34,976] ERROR in settings: This is a test error
[2023-05-28 11:46:55,079] ERROR in settings: This is a test error
[2023-05-28 11:47:08,915] ERROR in settings: This is a test error
[2023-05-28 11:48:35,157] ERROR in settings: This is a test error
[2023-05-28 11:51:24,200] ERROR in settings: This is a test error
[2023-05-28 11:51:32,199] ERROR in settings: This is a test error
[2023-05-28 11:52:42,827] ERROR in settings: This is a test error
[2023-05-28 11:52:49,936] ERROR in settings: This is a test error
[2023-05-28 11:54:31,849] ERROR in settings: This is a test error
[2023-05-28 11:54:43,518] ERROR in settings: This is a test error
[2023-05-28 11:56:01,987] ERROR in settings: This is a test error
[2023-05-28 11:56:13,879] ERROR in settings: This is a test error
[2023-05-28 11:58:42,499] ERROR in settings: This is a test error
[2023-05-28 11:58:54,397] ERROR in settings: This is a test error
[2023-05-28 12:00:35,160] ERROR in settings: This is a test error
[2023-05-28 12:02:39,611] ERROR in settings: This is a test error
[2023-05-28 12:03:40,216] ERROR in settings: This is a test error
[2023-05-28 12:03:46,763] ERROR in settings: This is a test error
[2023-05-28 12:05:55,991] ERROR in settings: This is a test error
[2023-05-28 12:07:44,541] ERROR in settings: This is a test error
[2023-05-28 12:16:11,290] ERROR in settings: This is a test error
[2023-05-28 12:16:43,910] ERROR in settings: This is a test error
[2023-05-28 12:18:47,897] ERROR in settings: This is a test error
[2023-05-28 12:51:24,975] ERROR in settings: This is a test error
[2023-05-28 12:51:40,764] ERROR in settings: This is a test error
[2023-05-28 12:53:40,032] ERROR in settings: This is a test error
[2023-05-28 13:20:23,867] ERROR in settings: This is a test error
[2023-05-28 13:20:39,518] ERROR in settings: This is a test error
[2023-05-28 13:30:11,522] ERROR in settings: This is a test error
[2023-05-28 13:30:35,850] ERROR in settings: This is a test error
[2023-05-28 13:30:50,200] ERROR in settings: This is a test error
[2023-05-28 13:31:55,921] ERROR in settings: This is a test error
[2023-05-28 13:41:31,776] ERROR in settings: This is a test error
[2023-05-28 13:42:14,462] ERROR in settings: This is a test error
[2023-05-28 13:42:21,720] ERROR in settings: This is a test error
[2023-05-28 13:44:44,082] ERROR in settings: This is a test error
[2023-05-28 13:44:51,941] ERROR in settings: This is a test error
[2023-05-28 13:48:27,518] ERROR in settings: This is a test error
[2023-05-28 13:48:35,446] ERROR in settings: This is a test error
[2023-05-28 13:51:32,073] ERROR in settings: This is a test error
[2023-05-28 14:06:03,812] ERROR in settings: This is a test error
[2023-05-28 14:06:23,505] ERROR in settings: This is a test error
[2023-05-28 14:06:39,808] ERROR in settings: This is a test error
[2023-05-28 14:06:52,556] ERROR in settings: This is a test error
[2023-05-28 14:07:20,238] ERROR in settings: This is a test error
[2023-05-28 14:08:37,803] ERROR in settings: This is a test error
[2023-05-28 14:08:44,931] ERROR in settings: This is a test error
[2023-05-28 14:10:00,032] ERROR in settings: This is a test error
[2023-05-28 14:10:11,092] ERROR in settings: This is a test error
[2023-05-28 14:22:38,037] ERROR in settings: This is a test error
[2023-05-28 14:22:47,294] ERROR in settings: This is a test error
[2023-05-28 14:25:36,365] ERROR in settings: This is a test error
[2023-05-28 14:27:52,066] ERROR in settings: This is a test error
[2023-05-28 14:27:59,644] ERROR in settings: This is a test error
[2023-05-28 14:28:52,383] ERROR in settings: This is a test error
[2023-05-28 14:38:33,291] ERROR in settings: This is a test error
[2023-05-28 14:41:15,245] ERROR in settings: This is a test error
[2023-05-28 14:41:35,462] ERROR in settings: This is a test error
[2023-05-28 14:41:48,664] ERROR in settings: This is a test error
[2023-05-28 14:42:05,000] ERROR in settings: This is a test error
[2023-05-28 14:42:18,475] ERROR in settings: This is a test error
[2023-05-28 14:42:31,412] ERROR in settings: This is a test error
[2023-05-28 14:44:46,482] ERROR in settings: This is a test error
[2023-05-28 14:44:58,635] ERROR in settings: This is a test error
[2023-05-28 14:45:19,701] ERROR in settings: This is a test error
[2023-05-28 14:45:45,934] ERROR in settings: This is a test error
[2023-05-28 14:45:59,302] ERROR in settings: This is a test error
[2023-05-28 14:48:14,382] ERROR in settings: This is a test error
[2023-05-28 14:48:24,288] ERROR in settings: This is a test error
[2023-05-28 14:54:04,215] ERROR in settings: This is a test error
[2023-05-28 15:03:48,546] ERROR in settings: This is a test error
[2023-05-28 15:04:07,515] ERROR in settings: This is a test error
[2023-05-28 15:05:28,417] ERROR in settings: This is a test error
[2023-05-28 15:05:37,166] ERROR in settings: This is a test error
[2023-05-28 15:08:04,071] ERROR in settings: This is a test error
[2023-05-28 15:08:12,353] ERROR in settings: This is a test error
[2023-05-28 15:11:06,837] ERROR in settings: This is a test error
[2023-05-28 15:11:18,060] ERROR in settings: This is a test error
[2023-05-28 15:12:25,433] ERROR in settings: This is a test error
[2023-05-28 15:12:35,382] ERROR in settings: This is a test error
[2023-05-28 15:16:34,989] ERROR in settings: This is a test error
[2023-05-28 15:16:44,177] ERROR in settings: This is a test error
[2023-05-28 15:18:56,070] ERROR in settings: This is a test error
[2023-05-28 15:21:44,496] ERROR in settings: This is a test error
[2023-05-28 15:21:53,153] ERROR in settings: This is a test error
[2023-05-28 15:23:07,842] ERROR in settings: This is a test error
[2023-05-28 15:23:16,780] ERROR in settings: This is a test error
[2023-05-28 15:26:07,226] ERROR in settings: This is a test error
[2023-05-28 15:27:17,811] ERROR in settings: This is a test error
[2023-05-28 15:27:26,658] ERROR in settings: This is a test error
[2023-05-28 15:39:48,024] ERROR in settings: This is a test error
[2023-05-28 15:39:59,953] ERROR in settings: This is a test error
[2023-05-28 15:47:56,210] ERROR in settings: This is a test error
[2023-05-28 15:48:06,382] ERROR in settings: This is a test error
[2023-05-28 15:49:35,928] ERROR in settings: This is a test error
[2023-05-28 15:49:47,397] ERROR in settings: This is a test error
[2023-05-28 15:51:51,955] ERROR in settings: This is a test error
[2023-05-28 15:52:03,082] ERROR in settings: This is a test error
[2023-05-28 15:53:41,695] ERROR in settings: This is a test error
[2023-05-28 15:57:45,530] ERROR in settings: This is a test error
[2023-05-28 15:59:41,781] ERROR in settings: This is a test error
[2023-05-28 16:00:26,976] ERROR in settings: This is a test error
[2023-05-28 16:00:39,445] ERROR in settings: This is a test error
[2023-05-28 16:02:13,297] ERROR in settings: This is a test error
[2023-05-28 16:02:20,128] ERROR in settings: This is a test error
[2023-05-28 16:06:25,485] ERROR in settings: This is a test error
[2023-05-28 16:06:34,962] ERROR in settings: This is a test error
[2023-05-28 16:08:12,917] ERROR in settings: This is a test error
[2023-05-28 16:08:21,075] ERROR in settings: This is a test error
[2023-05-28 16:17:33,067] ERROR in settings: This is a test error
[2023-05-28 16:17:43,383] ERROR in settings: This is a test error
[2023-05-29 07:08:10,763] ERROR in settings: This is a test error
[2023-05-29 07:08:35,606] ERROR in settings: This is a test error
[2023-05-29 07:13:51,906] ERROR in settings: This is a test error
[2023-05-29 07:17:16,348] ERROR in settings: This is a test error
[2023-05-29 07:17:24,333] ERROR in settings: This is a test error
[2023-05-29 07:25:06,203] ERROR in settings: This is a test error
[2023-05-29 07:25:17,690] ERROR in settings: This is a test error
[2023-05-29 07:27:23,497] ERROR in settings: This is a test error
[2023-05-29 07:27:32,914] ERROR in settings: This is a test error
[2023-05-29 07:34:09,340] ERROR in settings: This is a test error
[2023-05-29 07:34:17,618] ERROR in settings: This is a test error
[2023-05-29 07:38:13,102] ERROR in settings: This is a test error
[2023-05-29 07:38:22,394] ERROR in settings: This is a test error
[2023-05-29 07:40:59,582] ERROR in settings: This is a test error
[2023-05-29 07:41:11,342] ERROR in settings: This is a test error
[2023-05-29 07:43:28,320] ERROR in settings: This is a test error
[2023-05-29 07:43:38,102] ERROR in settings: This is a test error
[2023-05-29 07:45:21,992] ERROR in settings: This is a test error
[2023-05-29 07:45:32,200] ERROR in settings: This is a test error
[2023-05-29 07:46:35,124] ERROR in settings: This is a test error
[2023-05-29 07:49:13,911] ERROR in settings: This is a test error
[2023-05-29 07:49:20,617] ERROR in settings: This is a test error
[2023-05-29 07:58:32,736] ERROR in settings: This is a test error
[2023-05-29 07:59:48,875] ERROR in settings: This is a test error
[2023-05-29 08:00:02,857] ERROR in settings: This is a test error
[2023-05-29 08:01:28,454] ERROR in settings: This is a test error
[2023-05-29 08:01:39,042] ERROR in settings: This is a test error
[2023-05-29 08:02:58,817] ERROR in settings: This is a test error
[2023-05-29 08:03:16,812] ERROR in settings: This is a test error
[2023-05-29 08:03:31,001] ERROR in settings: This is a test error
[2023-05-29 08:06:26,495] ERROR in settings: This is a test error
[2023-05-29 08:06:51,508] ERROR in settings: This is a test error
[2023-05-29 08:07:07,780] ERROR in settings: This is a test error
[2023-05-29 08:07:20,727] ERROR in settings: This is a test error
[2023-05-29 08:14:17,370] ERROR in settings: This is a test error
[2023-05-29 08:14:25,874] ERROR in settings: This is a test error
[2023-05-29 08:18:16,680] ERROR in settings: This is a test error
[2023-05-29 08:18:55,917] ERROR in settings: This is a test error
[2023-05-29 08:19:08,509] ERROR in settings: This is a test error
[2023-05-29 08:20:48,228] ERROR in settings: This is a test error
[2023-05-29 08:20:57,232] ERROR in settings: This is a test error
[2023-05-29 08:22:27,818] ERROR in settings: This is a test error
[2023-05-29 08:22:39,929] ERROR in settings: This is a test error
[2023-05-29 08:25:26,739] ERROR in settings: This is a test error
[2023-05-29 08:25:36,474] ERROR in settings: This is a test error
[2023-05-29 08:26:46,200] ERROR in settings: This is a test error
[2023-05-29 08:26:53,060] ERROR in settings: This is a test error
[2023-05-29 08:30:30,598] ERROR in settings: This is a test error
[2023-05-29 08:30:38,953] ERROR in settings: This is a test error
[2023-05-29 08:31:31,850] ERROR in settings: This is a test error
[2023-05-29 08:31:59,935] ERROR in settings: This is a test error
[2023-05-29 08:32:08,178] ERROR in settings: This is a test error
[2023-05-29 08:32:56,398] ERROR in settings: This is a test error
[2023-05-29 08:33:17,518] ERROR in settings: This is a test error
[2023-05-29 08:33:24,281] ERROR in settings: This is a test error
[2023-05-29 08:36:05,082] ERROR in settings: This is a test error
[2023-05-29 08:36:31,281] ERROR in settings: This is a test error
[2023-05-29 08:36:38,483] ERROR in settings: This is a test error
[2023-05-29 08:38:08,694] ERROR in settings: This is a test error
[2023-05-29 08:38:16,265] ERROR in settings: This is a test error
[2023-05-29 08:40:52,141] ERROR in settings: This is a test error
[2023-05-29 08:41:50,317] ERROR in settings: This is a test error
[2023-05-29 08:41:56,842] ERROR in settings: This is a test error
[2023-05-29 08:43:48,070] ERROR in settings: This is a test error
[2023-05-29 08:43:56,692] ERROR in settings: This is a test error
[2023-05-29 08:47:42,811] ERROR in settings: This is a test error
[2023-05-29 08:47:53,142] ERROR in settings: This is a test error
[2023-05-29 08:50:58,939] ERROR in settings: This is a test error
[2023-05-29 08:51:16,824] ERROR in settings: This is a test error
[2023-05-29 08:51:30,912] ERROR in settings: This is a test error
[2023-05-29 08:55:33,086] ERROR in settings: This is a test error
[2023-05-29 09:04:04,247] ERROR in settings: This is a test error
[2023-05-29 09:04:15,536] ERROR in settings: This is a test error
[2023-05-29 09:08:23,294] ERROR in settings: This is a test error
[2023-05-29 09:08:40,965] ERROR in settings: This is a test error
[2023-05-29 09:38:37,368] ERROR in settings: This is a test error
[2023-05-29 09:38:49,902] ERROR in settings: This is a test error
[2023-05-29 09:42:50,912] ERROR in settings: This is a test error
[2023-05-29 09:43:54,812] ERROR in settings: This is a test error
[2023-05-29 09:44:03,695] ERROR in settings: This is a test error
[2023-05-29 09:50:20,986] ERROR in settings: This is a test error
[2023-05-29 10:12:07,482] ERROR in settings: This is a test error
[2023-05-29 10:12:23,257] ERROR in settings: This is a test error
[2023-05-29 10:20:33,240] ERROR in settings: This is a test error
[2023-05-29 10:20:51,015] ERROR in settings: This is a test error
[2023-05-29 10:27:20,011] ERROR in settings: This is a test error
[2023-05-29 10:27:32,132] ERROR in settings: This is a test error
[2023-05-29 10:56:50,444] ERROR in settings: This is a test error
[2023-05-29 10:57:07,937] ERROR in settings: This is a test error
[2023-05-29 11:01:57,625] ERROR in settings: This is a test error
[2023-05-29 11:02:12,023] ERROR in settings: This is a test error
[2023-05-29 11:50:19,438] ERROR in settings: This is a test error
[2023-05-29 11:50:37,297] ERROR in settings: This is a test error
[2023-05-30 14:11:54,846] ERROR in settings: This is a test error
[2023-05-30 14:12:12,962] ERROR in settings: This is a test error
[2023-05-27 21:30:48,593] ERROR in settings: This is a test error
[2023-05-27 21:30:50,538] ERROR in settings: This is a test error
[2023-05-27 21:54:31,089] ERROR in settings: This is a test error
[2023-05-27 21:54:32,935] ERROR in settings: This is a test error
[2023-05-27 21:56:46,216] ERROR in settings: This is a test error
[2023-05-27 21:57:31,139] ERROR in settings: This is a test error
[2023-05-27 21:57:41,680] ERROR in settings: This is a test error
[2023-05-27 22:00:03,264] ERROR in settings: This is a test error
[2023-05-27 22:00:15,724] ERROR in settings: This is a test error
[2023-05-27 22:02:08,657] ERROR in settings: This is a test error
[2023-05-27 22:02:27,356] ERROR in settings: This is a test error
[2023-05-27 22:04:53,220] ERROR in settings: This is a test error
[2023-05-27 22:05:01,846] ERROR in settings: This is a test error
[2023-05-27 22:05:14,455] ERROR in settings: This is a test error
Homepage was accessed at 2023-05-27 22:06:04.010184 hours!
[2023-05-27 23:02:27,039] ERROR in settings: This is a test error
[2023-05-27 23:02:35,296] ERROR in settings: This is a test error
[2023-05-27 23:15:17,612] ERROR in settings: This is a test error
[2023-05-27 23:53:10,062] ERROR in settings: This is a test error
[2023-05-27 23:53:18,884] ERROR in settings: This is a test error
[2023-05-28 00:02:29,149] ERROR in settings: This is a test error
[2023-05-28 00:03:29,083] ERROR in settings: This is a test error
[2023-05-28 00:06:07,268] ERROR in settings: This is a test error
[2023-05-28 00:07:25,678] ERROR in settings: This is a test error
[2023-05-28 00:07:31,098] ERROR in settings: This is a test error
[2023-05-28 00:08:32,013] ERROR in settings: This is a test error
[2023-05-28 00:09:14,855] ERROR in settings: This is a test error
[2023-05-28 00:09:30,276] ERROR in settings: This is a test error
[2023-05-28 00:09:35,855] ERROR in settings: This is a test error
[2023-05-28 00:10:32,027] ERROR in settings: This is a test error
[2023-05-28 00:44:55,702] ERROR in settings: This is a test error
[2023-05-28 01:35:08,600] ERROR in settings: This is a test error
[2023-05-28 01:35:25,686] ERROR in settings: This is a test error
[2023-05-28 01:43:39,257] ERROR in settings: This is a test error
[2023-05-28 01:43:52,795] ERROR in settings: This is a test error
[2023-05-28 01:45:46,049] ERROR in settings: This is a test error
Homepage was accessed at 2023-05-28 01:46:19.786228 hours!
[2023-05-28 01:49:01,814] ERROR in settings: This is a test error
[2023-05-28 01:49:14,928] ERROR in settings: This is a test error
[2023-05-28 01:52:58,357] ERROR in settings: This is a test error
[2023-05-28 02:02:41,740] ERROR in settings: This is a test error
[2023-05-28 02:02:47,603] ERROR in settings: This is a test error
[2023-05-28 02:03:16,797] ERROR in settings: This is a test error
[2023-05-28 02:03:24,139] ERROR in settings: This is a test error
[2023-05-28 02:03:29,460] ERROR in settings: This is a test error
[2023-05-28 02:09:25,201] ERROR in settings: This is a test error
[2023-05-28 02:32:30,551] ERROR in settings: This is a test error
[2023-05-28 02:32:36,605] ERROR in settings: This is a test error
[2023-05-28 02:42:20,779] ERROR in settings: This is a test error
[2023-05-28 02:42:40,347] ERROR in settings: This is a test error
[2023-05-28 02:42:46,231] ERROR in settings: This is a test error
[2023-05-28 02:43:53,584] ERROR in settings: This is a test error
[2023-05-28 02:44:01,694] ERROR in settings: This is a test error
[2023-05-28 02:45:53,492] ERROR in settings: This is a test error
[2023-05-28 02:49:01,942] ERROR in settings: This is a test error
[2023-05-28 02:49:07,589] ERROR in settings: This is a test error
[2023-05-28 02:55:13,886] ERROR in settings: This is a test error
[2023-05-28 02:55:19,822] ERROR in settings: This is a test error
[2023-05-28 02:57:16,315] ERROR in settings: This is a test error
[2023-05-28 02:57:22,226] ERROR in settings: This is a test error
[2023-05-28 02:59:14,856] ERROR in settings: This is a test error
[2023-05-28 02:59:20,778] ERROR in settings: This is a test error
[2023-05-28 03:00:47,846] ERROR in settings: This is a test error
[2023-05-28 03:03:13,914] ERROR in settings: This is a test error
[2023-05-28 03:03:19,537] ERROR in settings: This is a test error
[2023-05-28 03:03:57,591] ERROR in settings: This is a test error
[2023-05-28 03:04:08,881] ERROR in settings: This is a test error
[2023-05-28 03:04:14,639] ERROR in settings: This is a test error
[2023-05-28 03:06:45,459] ERROR in settings: This is a test error
[2023-05-28 03:07:11,634] ERROR in settings: This is a test error
[2023-05-28 03:07:17,524] ERROR in settings: This is a test error
[2023-05-28 03:07:45,156] ERROR in settings: This is a test error
[2023-05-28 07:29:12,368] ERROR in settings: This is a test error
[2023-05-28 07:29:37,415] ERROR in settings: This is a test error
[2023-05-28 07:40:34,135] ERROR in settings: This is a test error
[2023-05-28 07:40:46,255] ERROR in settings: This is a test error
[2023-05-28 07:40:58,614] ERROR in settings: This is a test error
[2023-05-28 07:41:44,568] ERROR in settings: This is a test error
[2023-05-28 07:41:57,268] ERROR in settings: This is a test error
[2023-05-28 07:42:10,780] ERROR in settings: This is a test error
[2023-05-28 07:46:02,949] ERROR in settings: This is a test error
[2023-05-28 11:53:11,279] ERROR in settings: This is a test error
[2023-05-28 11:53:13,725] ERROR in settings: This is a test error
[2023-05-28 11:54:13,337] ERROR in settings: This is a test error
[2023-05-28 11:54:21,975] ERROR in settings: This is a test error
[2023-05-28 11:54:23,188] ERROR in settings: This is a test error
[2023-05-28 12:49:19,500] ERROR in settings: This is a test error
[2023-05-28 12:49:21,366] ERROR in settings: This is a test error
[2023-05-28 12:50:25,473] ERROR in settings: This is a test error
[2023-05-28 12:50:57,591] ERROR in settings: This is a test error
[2023-05-28 12:51:33,527] ERROR in settings: This is a test error
[2023-05-28 12:51:34,447] ERROR in settings: This is a test error
[2023-05-28 12:51:49,615] ERROR in settings: This is a test error
[2023-05-28 12:52:18,226] ERROR in settings: This is a test error
[2023-05-28 12:52:19,186] ERROR in settings: This is a test error
[2023-05-28 13:01:31,169] ERROR in settings: This is a test error
[2023-05-28 13:01:57,900] ERROR in settings: This is a test error
[2023-05-28 13:02:07,180] ERROR in settings: This is a test error
[2023-05-28 13:03:48,699] ERROR in settings: This is a test error
[2023-05-28 13:05:34,270] ERROR in settings: This is a test error
[2023-05-28 13:33:06,420] ERROR in settings: This is a test error
[2023-05-28 13:33:07,326] ERROR in settings: This is a test error
[2023-05-28 13:33:31,815] ERROR in settings: This is a test error
[2023-05-28 13:33:49,141] ERROR in settings: This is a test error
[2023-05-28 13:34:27,292] ERROR in settings: This is a test error
[2023-05-28 15:41:02,734] ERROR in settings: This is a test error
[2023-05-28 15:41:05,920] ERROR in settings: This is a test error
Homepage was accessed at 2023-05-28 15:41:37.830632 hours!
[2023-05-29 01:48:14,427] ERROR in settings: This is a test error
[2023-05-29 01:48:17,863] ERROR in settings: This is a test error
[2023-05-29 01:51:55,625] ERROR in settings: This is a test error
[2023-05-29 01:52:25,716] ERROR in settings: This is a test error
[2023-05-29 01:52:26,874] ERROR in settings: This is a test error
[2023-05-29 01:53:39,760] ERROR in settings: This is a test error
[2023-05-29 01:54:49,483] ERROR in settings: This is a test error
[2023-05-29 01:57:00,201] ERROR in settings: This is a test error
[2023-05-29 01:57:01,476] ERROR in settings: This is a test error
[2023-05-29 01:57:30,468] ERROR in settings: This is a test error
[2023-05-29 01:57:41,102] ERROR in settings: This is a test error
[2023-05-29 01:58:18,769] ERROR in settings: This is a test error
[2023-05-29 01:59:59,790] ERROR in settings: This is a test error
[2023-05-29 02:00:01,079] ERROR in settings: This is a test error
[2023-05-29 02:00:31,500] ERROR in settings: This is a test error
[2023-05-29 02:00:47,635] ERROR in settings: This is a test error
[2023-05-29 02:00:57,549] ERROR in settings: This is a test error
[2023-05-29 02:01:59,158] ERROR in settings: This is a test error
[2023-05-29 02:02:17,070] ERROR in settings: This is a test error
[2023-05-29 02:03:11,486] ERROR in settings: This is a test error
[2023-05-29 02:04:00,352] ERROR in settings: This is a test error
[2023-05-29 02:04:37,050] ERROR in settings: This is a test error
[2023-05-29 02:04:49,094] ERROR in settings: This is a test error
[2023-05-29 02:05:51,399] ERROR in settings: This is a test error
[2023-05-29 02:05:52,683] ERROR in settings: This is a test error
[2023-05-29 02:06:09,245] ERROR in settings: This is a test error
[2023-05-29 02:07:04,716] ERROR in settings: This is a test error
[2023-05-29 02:07:07,610] ERROR in settings: This is a test error
[2023-05-29 02:07:08,963] ERROR in settings: This is a test error
[2023-05-29 02:07:27,603] ERROR in settings: This is a test error
[2023-05-29 12:39:14,490] ERROR in settings: This is a test error
[2023-05-29 12:39:18,941] ERROR in settings: This is a test error
Homepage was accessed at 2023-05-29 12:40:02.230180 hours!
[2023-05-29 12:57:43,071] ERROR in settings: This is a test error
[2023-05-29 12:59:21,847] ERROR in settings: This is a test error
[2023-05-29 13:00:01,742] ERROR in settings: This is a test error
[2023-05-29 13:00:04,669] ERROR in settings: This is a test error
[2023-05-29 13:07:01,390] ERROR in settings: This is a test error
[2023-05-29 13:07:04,620] ERROR in settings: This is a test error
[2023-05-29 13:08:56,934] ERROR in settings: This is a test error
[2023-05-29 13:15:31,596] ERROR in settings: This is a test error
[2023-05-29 13:21:46,685] ERROR in settings: This is a test error
[2023-05-29 13:23:07,613] ERROR in settings: This is a test error
[2023-05-29 13:23:58,600] ERROR in settings: This is a test error
[2023-05-29 13:24:23,805] ERROR in settings: This is a test error
[2023-05-29 13:24:27,022] ERROR in settings: This is a test error
[2023-05-29 13:24:48,139] ERROR in settings: This is a test error
[2023-05-29 13:40:44,454] ERROR in settings: This is a test error
[2023-05-29 13:40:48,929] ERROR in settings: This is a test error
[2023-05-29 13:50:37,601] ERROR in settings: This is a test error
[2023-05-29 13:50:40,791] ERROR in settings: This is a test error
[2023-05-29 13:53:52,149] ERROR in settings: This is a test error
[2023-05-29 14:04:22,038] ERROR in settings: This is a test error
[2023-05-29 14:05:19,723] ERROR in settings: This is a test error
[2023-05-29 14:05:22,773] ERROR in settings: This is a test error
[2023-05-29 14:06:41,503] ERROR in settings: This is a test error
[2023-05-29 14:11:58,940] ERROR in settings: This is a test error
[2023-05-29 14:17:54,221] ERROR in settings: This is a test error
[2023-05-29 14:18:42,797] ERROR in settings: This is a test error
[2023-05-29 14:19:49,922] ERROR in settings: This is a test error
[2023-05-29 14:19:53,181] ERROR in settings: This is a test error
[2023-05-29 14:20:58,914] ERROR in settings: This is a test error
[2023-05-29 14:32:38,137] ERROR in settings: This is a test error
[2023-05-29 14:32:40,383] ERROR in settings: This is a test error
[2023-05-29 14:33:43,023] ERROR in settings: This is a test error
[2023-05-29 14:34:10,856] ERROR in settings: This is a test error
[2023-05-29 14:34:14,418] ERROR in settings: This is a test error
[2023-05-29 14:34:16,595] ERROR in settings: This is a test error
[2023-05-29 14:35:34,764] ERROR in settings: This is a test error
[2023-05-29 14:35:36,997] ERROR in settings: This is a test error
[2023-05-29 14:36:55,842] ERROR in settings: This is a test error
[2023-05-29 14:37:01,424] ERROR in settings: This is a test error
[2023-05-29 14:37:09,782] ERROR in settings: This is a test error
[2023-05-29 14:37:12,030] ERROR in settings: This is a test error
[2023-05-29 14:38:11,551] ERROR in settings: This is a test error
[2023-05-29 15:17:28,184] ERROR in settings: This is a test error
[2023-05-29 15:17:31,157] ERROR in settings: This is a test error
[2023-05-29 16:26:05,293] ERROR in settings: This is a test error
[2023-05-29 16:27:14,655] ERROR in settings: This is a test error
[2023-05-29 16:31:36,971] ERROR in settings: This is a test error
[2023-05-29 16:32:08,819] ERROR in settings: This is a test error
[2023-05-29 16:32:11,404] ERROR in settings: This is a test error
[2023-05-29 16:32:45,684] ERROR in settings: This is a test error
[2023-05-29 16:38:08,620] ERROR in settings: This is a test error
[2023-05-29 16:48:57,571] ERROR in settings: This is a test error
[2023-05-29 16:49:02,443] ERROR in settings: This is a test error
[2023-05-29 16:50:40,948] ERROR in settings: This is a test error
[2023-05-29 16:54:59,091] ERROR in settings: This is a test error
[2023-05-29 16:55:03,770] ERROR in settings: This is a test error
[2023-05-29 16:56:56,150] ERROR in settings: This is a test error
[2023-05-29 16:57:01,413] ERROR in settings: This is a test error
[2023-05-29 16:58:57,779] ERROR in settings: This is a test error
[2023-05-29 16:59:03,487] ERROR in settings: This is a test error
[2023-05-28 13:36:19,165] ERROR in settings: This is a test error
[2023-05-28 13:36:20,100] ERROR in settings: This is a test error
Homepage was accessed at 2023-05-28 13:36:25.144551 hours!
[2023-05-28 13:45:26,224] ERROR in settings: This is a test error
[2023-05-28 13:45:27,171] ERROR in settings: This is a test error
Homepage was accessed at 2023-05-28 13:45:31.544829 hours!
[2023-05-28 15:29:32,072] ERROR in settings: This is a test error
[2023-05-28 15:29:34,452] ERROR in settings: This is a test error
Homepage was accessed at 2023-05-28 15:29:41.474799 hours!
[2023-05-28 15:31:53,733] ERROR in settings: This is a test error
[2023-05-28 15:31:56,569] ERROR in settings: This is a test error
Homepage was accessed at 2023-05-28 15:32:17.314122 hours!
[2023-05-30 15:08:22,605] ERROR in settings: This is a test error
[2023-05-30 15:08:24,874] ERROR in settings: This is a test error
[2023-05-30 15:08:57,206] ERROR in settings: This is a test error
[2023-05-30 15:08:59,246] ERROR in settings: This is a test error
[2023-05-30 15:15:05,239] ERROR in settings: This is a test error
[2023-05-30 15:15:07,770] ERROR in settings: This is a test error
[2023-06-01 16:31:51,640] ERROR in settings: This is a test error
[2023-06-01 16:31:53,018] ERROR in settings: This is a test error
[2023-06-01 16:47:43,516] ERROR in settings: This is a test error
[2023-06-01 16:47:44,426] ERROR in settings: This is a test error
[2023-06-01 16:48:44,012] ERROR in settings: This is a test error
[2023-06-01 16:49:30,738] ERROR in settings: This is a test error
[2023-06-01 16:49:36,194] ERROR in settings: This is a test error
[2023-06-01 16:49:48,194] ERROR in settings: This is a test error
[2023-06-01 16:49:54,678] ERROR in settings: This is a test error
[2023-06-01 16:51:35,398] ERROR in settings: This is a test error
[2023-06-01 17:06:22,052] ERROR in settings: This is a test error
[2023-06-01 17:06:23,099] ERROR in settings: This is a test error
[2023-06-01 19:35:53,457] ERROR in settings: This is a test error
[2023-06-01 19:35:54,180] ERROR in settings: This is a test error
[2023-06-01 19:50:17,814] ERROR in settings: This is a test error
[2023-06-01 19:52:55,004] ERROR in settings: This is a test error
[2023-06-01 19:53:05,056] ERROR in settings: This is a test error
[2023-06-01 19:58:03,177] ERROR in settings: This is a test error
[2023-06-01 19:58:03,693] ERROR in settings: This is a test error
[2023-06-01 20:12:47,678] ERROR in settings: This is a test error
[2023-06-01 20:12:52,101] ERROR in settings: This is a test error
[2023-06-01 20:13:14,658] ERROR in settings: This is a test error
[2023-06-01 20:14:13,485] ERROR in settings: This is a test error
[2023-06-01 20:15:45,377] ERROR in settings: This is a test error
[2023-06-01 20:28:17,562] ERROR in settings: This is a test error
[2023-06-01 20:29:21,648] ERROR in settings: This is a test error
[2023-06-01 20:37:15,121] ERROR in settings: This is a test error
[2023-06-01 20:37:42,692] ERROR in settings: This is a test error
[2023-06-05 01:21:31,470] ERROR in settings: This is a test error
[2023-06-05 01:21:32,262] ERROR in settings: This is a test error
[2023-06-05 01:44:03,985] ERROR in settings: This is a test error
[2023-06-05 01:44:04,789] ERROR in settings: This is a test error
[2023-06-02 18:37:42,654] ERROR in settings: This is a test error
[2023-06-02 18:37:50,176] ERROR in settings: This is a test error
[2023-06-02 18:37:50,849] ERROR in settings: This is a test error
[2023-06-02 18:44:33,700] ERROR in settings: This is a test error
[2023-06-02 18:44:37,230] ERROR in settings: This is a test error
[2023-06-02 18:50:52,088] ERROR in settings: This is a test error
[2023-06-02 19:06:14,092] ERROR in settings: This is a test error
[2023-06-02 19:07:16,064] ERROR in settings: This is a test error
[2023-06-02 19:07:19,301] ERROR in settings: This is a test error
[2023-06-02 19:07:22,886] ERROR in settings: This is a test error
[2023-06-02 19:07:28,435] ERROR in settings: This is a test error
[2023-06-02 19:07:37,180] ERROR in settings: This is a test error
[2023-06-02 19:08:13,594] ERROR in settings: This is a test error
[2023-06-02 19:08:17,281] ERROR in settings: This is a test error
[2023-06-02 19:08:24,017] ERROR in settings: This is a test error
[2023-06-02 19:08:59,971] ERROR in settings: This is a test error
[2023-06-02 19:10:01,041] ERROR in settings: This is a test error
[2023-06-02 19:10:11,859] ERROR in settings: This is a test error
[2023-06-02 19:11:34,238] ERROR in settings: This is a test error
[2023-06-02 19:11:34,893] ERROR in settings: This is a test error
[2023-06-02 19:12:25,119] ERROR in settings: This is a test error
[2023-06-02 19:12:31,910] ERROR in settings: This is a test error
[2023-06-02 19:13:08,260] ERROR in settings: This is a test error
[2023-06-02 20:22:18,275] ERROR in settings: This is a test error
[2023-06-02 20:22:19,244] ERROR in settings: This is a test error
[2023-06-02 20:37:10,153] ERROR in settings: This is a test error
[2023-06-02 20:37:10,827] ERROR in settings: This is a test error
[2023-06-02 20:39:14,008] ERROR in settings: This is a test error
[2023-06-02 20:39:14,618] ERROR in settings: This is a test error
[2023-06-02 21:00:32,335] ERROR in settings: This is a test error
[2023-06-02 21:00:33,101] ERROR in settings: This is a test error
[2023-06-02 21:03:49,095] ERROR in settings: This is a test error
[2023-06-02 21:05:40,908] ERROR in settings: This is a test error
[2023-06-02 21:05:41,541] ERROR in settings: This is a test error
[2023-06-02 21:19:40,786] ERROR in settings: This is a test error
[2023-06-02 21:20:26,493] ERROR in settings: This is a test error
[2023-06-02 21:34:04,928] ERROR in settings: This is a test error
[2023-06-02 21:34:05,615] ERROR in settings: This is a test error
[2023-06-02 21:47:38,321] ERROR in settings: This is a test error
[2023-06-02 21:47:42,703] ERROR in settings: This is a test error
[2023-06-03 09:09:14,672] ERROR in settings: This is a test error
[2023-06-03 09:09:15,359] ERROR in settings: This is a test error
[2023-06-03 09:14:39,649] ERROR in settings: This is a test error
[2023-06-03 09:14:43,362] ERROR in settings: This is a test error
[2023-06-03 09:19:18,984] ERROR in settings: This is a test error
[2023-06-03 09:19:22,206] ERROR in settings: This is a test error
[2023-06-03 09:19:22,812] ERROR in settings: This is a test error
[2023-06-03 09:21:02,748] ERROR in settings: This is a test error
[2023-06-03 09:28:33,751] ERROR in settings: This is a test error
[2023-06-03 09:28:53,528] ERROR in settings: This is a test error
[2023-06-03 09:29:05,303] ERROR in settings: This is a test error
[2023-06-03 09:29:19,039] ERROR in settings: This is a test error
[2023-06-03 09:29:22,733] ERROR in settings: This is a test error
[2023-06-03 09:29:37,629] ERROR in settings: This is a test error
[2023-06-03 09:29:50,468] ERROR in settings: This is a test error
[2023-06-03 09:29:51,093] ERROR in settings: This is a test error
[2023-06-03 09:32:42,559] ERROR in settings: This is a test error
[2023-06-03 09:32:43,178] ERROR in settings: This is a test error
[2023-06-03 09:34:39,971] ERROR in settings: This is a test error
[2023-06-03 09:35:20,866] ERROR in settings: This is a test error
[2023-06-03 09:35:28,664] ERROR in settings: This is a test error
[2023-06-03 09:35:38,142] ERROR in settings: This is a test error
[2023-06-03 09:35:40,156] ERROR in settings: This is a test error
[2023-06-03 09:35:48,540] ERROR in settings: This is a test error
[2023-06-03 09:35:52,836] ERROR in settings: This is a test error
[2023-06-03 09:36:08,844] ERROR in settings: This is a test error
[2023-06-03 09:36:16,321] ERROR in settings: This is a test error
[2023-06-03 09:36:39,601] ERROR in settings: This is a test error
[2023-06-03 09:36:44,171] ERROR in settings: This is a test error
[2023-06-03 09:37:03,582] ERROR in settings: This is a test error
[2023-06-03 09:37:07,688] ERROR in settings: This is a test error
[2023-06-03 09:37:18,083] ERROR in settings: This is a test error
[2023-06-03 09:37:24,606] ERROR in settings: This is a test error
[2023-06-03 09:37:35,208] ERROR in settings: This is a test error
[2023-06-03 09:37:39,667] ERROR in settings: This is a test error
[2023-06-03 09:37:43,187] ERROR in settings: This is a test error
[2023-06-03 09:37:48,350] ERROR in settings: This is a test error
[2023-06-03 09:37:51,647] ERROR in settings: This is a test error
[2023-06-03 09:37:55,279] ERROR in settings: This is a test error
[2023-06-03 09:37:57,791] ERROR in settings: This is a test error
[2023-06-03 09:40:19,064] ERROR in settings: This is a test error
[2023-06-03 09:40:27,253] ERROR in settings: This is a test error
[2023-06-03 09:40:30,823] ERROR in settings: This is a test error
[2023-06-03 09:40:34,382] ERROR in settings: This is a test error
[2023-06-03 09:40:50,557] ERROR in settings: This is a test error
[2023-06-03 09:41:00,158] ERROR in settings: This is a test error
[2023-06-03 09:41:07,888] ERROR in settings: This is a test error
[2023-06-03 09:41:37,743] ERROR in settings: This is a test error
[2023-06-03 09:48:19,343] ERROR in settings: This is a test error
[2023-06-03 09:48:27,479] ERROR in settings: This is a test error
[2023-06-03 09:48:41,171] ERROR in settings: This is a test error
[2023-06-03 09:48:46,956] ERROR in settings: This is a test error
[2023-06-03 09:48:49,122] ERROR in settings: This is a test error
[2023-06-03 09:48:54,769] ERROR in settings: This is a test error
[2023-06-03 09:49:08,451] ERROR in settings: This is a test error
[2023-06-03 09:49:29,429] ERROR in settings: This is a test error
[2023-06-03 09:49:41,023] ERROR in settings: This is a test error
[2023-06-03 09:49:51,807] ERROR in settings: This is a test error
[2023-06-03 09:49:54,029] ERROR in settings: This is a test error
[2023-06-03 09:49:57,143] ERROR in settings: This is a test error
[2023-06-03 09:50:12,322] ERROR in settings: This is a test error
[2023-06-03 09:58:42,728] ERROR in settings: This is a test error
[2023-06-03 09:58:47,953] ERROR in settings: This is a test error
[2023-06-03 09:58:52,637] ERROR in settings: This is a test error
[2023-06-03 09:58:54,969] ERROR in settings: This is a test error
[2023-06-03 09:59:03,436] ERROR in settings: This is a test error
[2023-06-03 09:59:20,273] ERROR in settings: This is a test error
[2023-06-03 09:59:25,729] ERROR in settings: This is a test error
[2023-06-03 09:59:31,046] ERROR in settings: This is a test error
[2023-06-03 09:59:36,620] ERROR in settings: This is a test error
[2023-06-03 09:59:42,963] ERROR in settings: This is a test error
[2023-06-03 09:59:47,699] ERROR in settings: This is a test error
[2023-06-03 09:59:50,882] ERROR in settings: This is a test error
[2023-06-03 10:00:03,432] ERROR in settings: This is a test error
[2023-06-03 10:00:39,260] ERROR in settings: This is a test error
[2023-06-03 10:00:43,418] ERROR in settings: This is a test error
[2023-06-03 10:06:06,266] ERROR in settings: This is a test error
[2023-06-03 10:06:07,005] ERROR in settings: This is a test error
[2023-06-03 10:09:14,138] ERROR in settings: This is a test error
[2023-06-03 10:10:43,394] ERROR in settings: This is a test error
[2023-06-03 10:10:49,050] ERROR in settings: This is a test error
[2023-06-03 10:11:59,574] ERROR in settings: This is a test error
[2023-06-03 10:12:04,894] ERROR in settings: This is a test error
[2023-06-03 10:13:32,426] ERROR in settings: This is a test error
[2023-06-03 10:13:40,106] ERROR in settings: This is a test error
[2023-06-03 10:17:33,141] ERROR in settings: This is a test error
[2023-06-03 10:17:35,599] ERROR in settings: This is a test error
[2023-06-03 10:17:39,292] ERROR in settings: This is a test error
[2023-06-03 10:17:54,542] ERROR in settings: This is a test error
[2023-06-03 10:17:57,641] ERROR in settings: This is a test error
[2023-06-03 10:17:59,749] ERROR in settings: This is a test error
[2023-06-03 10:18:03,089] ERROR in settings: This is a test error
[2023-06-03 10:18:05,443] ERROR in settings: This is a test error
[2023-06-03 10:18:08,531] ERROR in settings: This is a test error
[2023-06-03 10:18:19,081] ERROR in settings: This is a test error
[2023-06-03 10:18:29,012] ERROR in settings: This is a test error
[2023-06-03 10:18:34,667] ERROR in settings: This is a test error
[2023-06-03 10:18:43,553] ERROR in settings: This is a test error
[2023-06-03 10:18:50,301] ERROR in settings: This is a test error
[2023-06-03 10:18:52,360] ERROR in settings: This is a test error
[2023-06-03 10:18:54,589] ERROR in settings: This is a test error
[2023-06-03 10:21:25,537] ERROR in settings: This is a test error
[2023-06-03 10:21:45,892] ERROR in settings: This is a test error
[2023-06-03 10:21:52,597] ERROR in settings: This is a test error
[2023-06-03 10:21:57,360] ERROR in settings: This is a test error
[2023-06-03 10:22:05,414] ERROR in settings: This is a test error
[2023-06-03 10:22:10,133] ERROR in settings: This is a test error
[2023-06-03 10:22:23,388] ERROR in settings: This is a test error
[2023-06-03 10:30:00,723] ERROR in settings: This is a test error
[2023-06-03 10:30:13,259] ERROR in settings: This is a test error
[2023-06-03 10:30:18,883] ERROR in settings: This is a test error
[2023-06-03 10:30:25,095] ERROR in settings: This is a test error
[2023-06-03 10:30:37,142] ERROR in settings: This is a test error
[2023-06-03 10:30:39,164] ERROR in settings: This is a test error
[2023-06-03 10:30:43,717] ERROR in settings: This is a test error
[2023-06-03 10:30:47,032] ERROR in settings: This is a test error
[2023-06-03 10:31:34,027] ERROR in settings: This is a test error
[2023-06-03 10:31:36,171] ERROR in settings: This is a test error
[2023-06-03 10:31:39,817] ERROR in settings: This is a test error
[2023-06-03 10:31:43,992] ERROR in settings: This is a test error
[2023-06-03 10:31:47,846] ERROR in settings: This is a test error
[2023-06-03 10:31:53,786] ERROR in settings: This is a test error
[2023-06-03 10:33:41,328] ERROR in settings: This is a test error
[2023-06-03 10:33:45,710] ERROR in settings: This is a test error
[2023-06-03 10:33:53,336] ERROR in settings: This is a test error
[2023-06-03 10:33:57,308] ERROR in settings: This is a test error
[2023-06-03 10:34:04,214] ERROR in settings: This is a test error
[2023-06-03 10:34:09,732] ERROR in settings: This is a test error
[2023-06-03 10:34:14,004] ERROR in settings: This is a test error
[2023-06-03 10:34:18,516] ERROR in settings: This is a test error
[2023-06-03 10:34:26,451] ERROR in settings: This is a test error
[2023-06-03 10:34:36,274] ERROR in settings: This is a test error
[2023-06-03 10:34:39,312] ERROR in settings: This is a test error
[2023-06-03 10:34:41,709] ERROR in settings: This is a test error
[2023-06-03 10:34:43,830] ERROR in settings: This is a test error
[2023-06-03 10:34:45,928] ERROR in settings: This is a test error
[2023-06-03 10:35:08,138] ERROR in settings: This is a test error
[2023-06-03 10:35:18,084] ERROR in settings: This is a test error
[2023-06-03 10:35:27,854] ERROR in settings: This is a test error
[2023-06-03 10:35:44,554] ERROR in settings: This is a test error
[2023-06-03 10:37:05,127] ERROR in settings: This is a test error
[2023-06-03 10:37:09,279] ERROR in settings: This is a test error
[2023-06-03 10:37:12,436] ERROR in settings: This is a test error
[2023-06-03 10:37:19,597] ERROR in settings: This is a test error
[2023-06-03 10:37:24,228] ERROR in settings: This is a test error
[2023-06-03 11:08:11,815] ERROR in settings: This is a test error
[2023-06-03 11:08:16,389] ERROR in settings: This is a test error
[2023-06-03 11:12:17,212] ERROR in settings: This is a test error
[2023-06-03 11:12:19,559] ERROR in settings: This is a test error
[2023-06-03 11:12:22,709] ERROR in settings: This is a test error
[2023-06-03 11:12:35,696] ERROR in settings: This is a test error
[2023-06-03 11:12:47,478] ERROR in settings: This is a test error
[2023-06-03 11:12:56,675] ERROR in settings: This is a test error
[2023-06-03 11:13:05,928] ERROR in settings: This is a test error
[2023-06-03 11:13:08,261] ERROR in settings: This is a test error
[2023-06-03 11:13:29,685] ERROR in settings: This is a test error
[2023-06-03 11:15:54,291] ERROR in settings: This is a test error
[2023-06-03 11:15:56,269] ERROR in settings: This is a test error
[2023-06-03 11:16:00,980] ERROR in settings: This is a test error
[2023-06-03 11:16:25,347] ERROR in settings: This is a test error
[2023-06-03 11:16:48,213] ERROR in settings: This is a test error
[2023-06-03 11:17:26,072] ERROR in settings: This is a test error
[2023-06-03 11:17:49,880] ERROR in settings: This is a test error
[2023-06-03 11:19:20,406] ERROR in settings: This is a test error
[2023-06-03 11:19:22,829] ERROR in settings: This is a test error
[2023-06-03 11:19:25,167] ERROR in settings: This is a test error
[2023-06-03 11:19:34,589] ERROR in settings: This is a test error
[2023-06-03 11:19:39,287] ERROR in settings: This is a test error
[2023-06-03 11:19:50,010] ERROR in settings: This is a test error
[2023-06-03 11:22:10,973] ERROR in settings: This is a test error
[2023-06-03 11:22:13,310] ERROR in settings: This is a test error
[2023-06-03 11:22:30,120] ERROR in settings: This is a test error
[2023-06-03 11:22:38,767] ERROR in settings: This is a test error
[2023-06-03 11:26:22,526] ERROR in settings: This is a test error
[2023-06-03 11:26:25,829] ERROR in settings: This is a test error
[2023-06-03 11:26:33,166] ERROR in settings: This is a test error
[2023-06-03 11:26:37,364] ERROR in settings: This is a test error
[2023-06-03 11:26:40,505] ERROR in settings: This is a test error
[2023-06-03 11:26:42,481] ERROR in settings: This is a test error
[2023-06-03 11:26:46,591] ERROR in settings: This is a test error
[2023-06-03 11:26:58,198] ERROR in settings: This is a test error
[2023-06-03 11:27:07,744] ERROR in settings: This is a test error
[2023-06-03 11:27:10,121] ERROR in settings: This is a test error
[2023-06-03 11:27:16,455] ERROR in settings: This is a test error
[2023-06-03 11:27:21,380] ERROR in settings: This is a test error
[2023-06-03 11:27:29,146] ERROR in settings: This is a test error
[2023-06-03 11:27:32,984] ERROR in settings: This is a test error
[2023-06-03 11:27:39,555] ERROR in settings: This is a test error
[2023-06-03 11:27:59,565] ERROR in settings: This is a test error
[2023-06-03 11:28:13,456] ERROR in settings: This is a test error
[2023-06-03 11:28:21,127] ERROR in settings: This is a test error
[2023-06-03 11:28:23,332] ERROR in settings: This is a test error
[2023-06-03 11:28:34,877] ERROR in settings: This is a test error
[2023-06-03 11:28:47,027] ERROR in settings: This is a test error
[2023-06-03 11:28:47,692] ERROR in settings: This is a test error
[2023-06-03 11:29:34,899] ERROR in settings: This is a test error
[2023-06-03 11:29:41,358] ERROR in settings: This is a test error
[2023-06-03 11:29:46,677] ERROR in settings: This is a test error
[2023-06-03 11:29:48,758] ERROR in settings: This is a test error
[2023-06-03 11:29:50,831] ERROR in settings: This is a test error
[2023-06-03 11:29:53,910] ERROR in settings: This is a test error
[2023-06-03 11:29:55,966] ERROR in settings: This is a test error
[2023-06-03 11:30:03,507] ERROR in settings: This is a test error
[2023-06-03 11:30:07,823] ERROR in settings: This is a test error
[2023-06-03 11:30:12,493] ERROR in settings: This is a test error
[2023-06-03 11:30:16,143] ERROR in settings: This is a test error
[2023-06-03 11:30:22,031] ERROR in settings: This is a test error
[2023-06-03 11:30:27,927] ERROR in settings: This is a test error
[2023-06-03 11:31:32,113] ERROR in settings: This is a test error
[2023-06-03 11:31:36,199] ERROR in settings: This is a test error
[2023-06-03 11:31:45,264] ERROR in settings: This is a test error
[2023-06-03 11:32:40,783] ERROR in settings: This is a test error
[2023-06-03 11:32:51,505] ERROR in settings: This is a test error
[2023-06-03 11:32:57,266] ERROR in settings: This is a test error
[2023-06-03 11:33:02,745] ERROR in settings: This is a test error
[2023-06-03 11:33:28,695] ERROR in settings: This is a test error
[2023-06-03 11:34:01,103] ERROR in settings: This is a test error
[2023-06-03 11:34:11,185] ERROR in settings: This is a test error
[2023-06-03 11:34:37,617] ERROR in settings: This is a test error
[2023-06-03 11:34:45,144] ERROR in settings: This is a test error
[2023-06-03 11:34:50,101] ERROR in settings: This is a test error
[2023-06-03 11:36:47,049] ERROR in settings: This is a test error
[2023-06-03 11:37:06,523] ERROR in settings: This is a test error
[2023-06-03 11:37:19,469] ERROR in settings: This is a test error
[2023-06-03 11:37:25,084] ERROR in settings: This is a test error
[2023-06-03 11:38:06,234] ERROR in settings: This is a test error
[2023-06-03 11:38:10,169] ERROR in settings: This is a test error
[2023-06-03 11:39:18,581] ERROR in settings: This is a test error
[2023-06-03 11:39:23,564] ERROR in settings: This is a test error
[2023-06-03 11:40:06,745] ERROR in settings: This is a test error
[2023-06-03 11:40:12,201] ERROR in settings: This is a test error
[2023-06-03 11:40:15,406] ERROR in settings: This is a test error
[2023-06-03 11:46:05,683] ERROR in settings: This is a test error
[2023-06-03 11:46:48,768] ERROR in settings: This is a test error
[2023-06-03 11:47:14,085] ERROR in settings: This is a test error
[2023-06-03 11:47:18,719] ERROR in settings: This is a test error
[2023-06-03 11:47:37,575] ERROR in settings: This is a test error
[2023-06-03 11:47:39,799] ERROR in settings: This is a test error
[2023-06-03 11:47:42,000] ERROR in settings: This is a test error
[2023-06-03 11:47:44,504] ERROR in settings: This is a test error
[2023-06-03 11:48:47,303] ERROR in settings: This is a test error
[2023-06-03 11:48:52,312] ERROR in settings: This is a test error
[2023-06-03 11:49:47,562] ERROR in settings: This is a test error
[2023-06-03 11:49:54,239] ERROR in settings: This is a test error
[2023-06-03 11:50:22,187] ERROR in settings: This is a test error
[2023-06-03 11:50:25,344] ERROR in settings: This is a test error
[2023-06-03 11:50:27,534] ERROR in settings: This is a test error
[2023-06-03 11:51:43,403] ERROR in settings: This is a test error
[2023-06-03 11:51:45,515] ERROR in settings: This is a test error
[2023-06-03 11:51:51,051] ERROR in settings: This is a test error
[2023-06-03 11:52:00,603] ERROR in settings: This is a test error
[2023-06-03 11:52:05,821] ERROR in settings: This is a test error
[2023-06-03 11:52:28,739] ERROR in settings: This is a test error
[2023-06-03 11:52:34,377] ERROR in settings: This is a test error
[2023-06-03 11:53:02,283] ERROR in settings: This is a test error
[2023-06-03 12:00:14,879] ERROR in settings: This is a test error
[2023-06-03 12:00:19,032] ERROR in settings: This is a test error
[2023-06-03 12:00:32,757] ERROR in settings: This is a test error
[2023-06-03 12:00:38,052] ERROR in settings: This is a test error
[2023-06-03 12:00:41,168] ERROR in settings: This is a test error
[2023-06-03 12:00:43,456] ERROR in settings: This is a test error
[2023-06-03 12:00:45,410] ERROR in settings: This is a test error
[2023-06-03 12:00:50,005] ERROR in settings: This is a test error
[2023-06-03 12:02:12,369] ERROR in settings: This is a test error
[2023-06-03 12:02:22,905] ERROR in settings: This is a test error
[2023-06-03 12:02:26,410] ERROR in settings: This is a test error
[2023-06-03 12:02:53,154] ERROR in settings: This is a test error
[2023-06-03 12:03:14,895] ERROR in settings: This is a test error
[2023-06-03 12:03:22,656] ERROR in settings: This is a test error
[2023-06-03 12:03:37,367] ERROR in settings: This is a test error
[2023-06-03 12:03:40,391] ERROR in settings: This is a test error
[2023-06-03 12:03:52,279] ERROR in settings: This is a test error
[2023-06-03 12:03:52,920] ERROR in settings: This is a test error
[2023-06-03 12:04:42,154] ERROR in settings: This is a test error
[2023-06-03 12:04:52,864] ERROR in settings: This is a test error
[2023-06-03 12:04:59,388] ERROR in settings: This is a test error
[2023-06-03 12:05:07,020] ERROR in settings: This is a test error
[2023-06-03 12:05:09,359] ERROR in settings: This is a test error
[2023-06-03 12:05:40,849] ERROR in settings: This is a test error
[2023-06-03 12:05:41,442] ERROR in settings: This is a test error
[2023-06-03 12:10:29,685] ERROR in settings: This is a test error
[2023-06-03 12:10:42,326] ERROR in settings: This is a test error
[2023-06-03 12:10:44,650] ERROR in settings: This is a test error
[2023-06-03 12:10:48,796] ERROR in settings: This is a test error
[2023-06-03 12:10:53,959] ERROR in settings: This is a test error
[2023-06-03 12:11:41,350] ERROR in settings: This is a test error
[2023-06-03 12:11:45,258] ERROR in settings: This is a test error
[2023-06-03 12:11:48,319] ERROR in settings: This is a test error
[2023-06-03 12:11:50,408] ERROR in settings: This is a test error
[2023-06-03 12:11:52,596] ERROR in settings: This is a test error
[2023-06-03 12:12:08,405] ERROR in settings: This is a test error
[2023-06-03 12:12:20,071] ERROR in settings: This is a test error
[2023-06-03 12:12:30,771] ERROR in settings: This is a test error
[2023-06-03 12:12:31,429] ERROR in settings: This is a test error
[2023-06-03 12:13:51,725] ERROR in settings: This is a test error
[2023-06-03 12:13:53,836] ERROR in settings: This is a test error
[2023-06-03 12:13:56,848] ERROR in settings: This is a test error
[2023-06-03 12:14:01,811] ERROR in settings: This is a test error
[2023-06-03 12:14:25,360] ERROR in settings: This is a test error
[2023-06-03 12:14:26,001] ERROR in settings: This is a test error
[2023-06-03 12:16:03,664] ERROR in settings: This is a test error
[2023-06-03 12:16:14,242] ERROR in settings: This is a test error
[2023-06-03 12:16:23,947] ERROR in settings: This is a test error
[2023-06-03 12:16:30,760] ERROR in settings: This is a test error
[2023-06-03 12:16:35,973] ERROR in settings: This is a test error
[2023-06-03 12:16:36,629] ERROR in settings: This is a test error
[2023-06-03 12:17:07,324] ERROR in settings: This is a test error
[2023-06-03 12:23:04,397] ERROR in settings: This is a test error
[2023-06-03 12:23:08,539] ERROR in settings: This is a test error
[2023-06-03 12:23:09,195] ERROR in settings: This is a test error
[2023-06-03 12:24:24,475] ERROR in settings: This is a test error
[2023-06-03 12:25:30,883] ERROR in settings: This is a test error
[2023-06-03 12:27:23,864] ERROR in settings: This is a test error
[2023-06-03 12:29:43,518] ERROR in settings: This is a test error
[2023-06-03 12:29:44,252] ERROR in settings: This is a test error
[2023-06-03 12:30:28,725] ERROR in settings: This is a test error
[2023-06-03 12:30:29,365] ERROR in settings: This is a test error
[2023-06-03 12:32:52,367] ERROR in settings: This is a test error
[2023-06-03 12:32:58,491] ERROR in settings: This is a test error
[2023-06-03 12:34:38,376] ERROR in settings: This is a test error
[2023-06-03 12:36:22,826] ERROR in settings: This is a test error
[2023-06-03 12:43:16,940] ERROR in settings: This is a test error
[2023-06-03 13:09:28,851] ERROR in settings: This is a test error
[2023-06-03 13:09:41,871] ERROR in settings: This is a test error
[2023-06-03 13:09:45,028] ERROR in settings: This is a test error
[2023-06-03 13:09:50,603] ERROR in settings: This is a test error
[2023-06-03 13:10:14,634] ERROR in settings: This is a test error
[2023-06-03 13:10:43,503] ERROR in settings: This is a test error
[2023-06-03 13:10:52,148] ERROR in settings: This is a test error
[2023-06-03 13:11:59,485] ERROR in settings: This is a test error
[2023-06-03 13:13:11,532] ERROR in settings: This is a test error
[2023-06-03 13:13:13,780] ERROR in settings: This is a test error
[2023-06-03 13:13:19,837] ERROR in settings: This is a test error
[2023-06-03 13:13:22,969] ERROR in settings: This is a test error
[2023-06-03 13:13:51,707] ERROR in settings: This is a test error
[2023-06-03 13:13:56,430] ERROR in settings: This is a test error
[2023-06-03 13:14:08,345] ERROR in settings: This is a test error
[2023-06-03 13:14:13,139] ERROR in settings: This is a test error
[2023-06-03 13:14:46,617] ERROR in settings: This is a test error
[2023-06-03 13:14:50,427] ERROR in settings: This is a test error
[2023-06-03 13:14:51,020] ERROR in settings: This is a test error
[2023-06-03 13:16:11,756] ERROR in settings: This is a test error
[2023-06-03 13:19:23,771] ERROR in settings: This is a test error
[2023-06-03 13:19:24,486] ERROR in settings: This is a test error
[2023-06-03 13:42:50,352] ERROR in settings: This is a test error
[2023-06-03 13:42:50,947] ERROR in settings: This is a test error
[2023-06-03 13:44:32,263] ERROR in settings: This is a test error
[2023-06-03 13:44:37,106] ERROR in settings: This is a test error
[2023-06-04 10:12:35,299] ERROR in settings: This is a test error
[2023-06-04 10:12:36,362] ERROR in settings: This is a test error
[2023-06-04 10:16:43,500] ERROR in settings: This is a test error
[2023-06-04 10:29:57,157] ERROR in settings: This is a test error
[2023-06-04 10:31:38,379] ERROR in settings: This is a test error
[2023-06-04 10:31:38,989] ERROR in settings: This is a test error
[2023-06-04 10:34:06,695] ERROR in settings: This is a test error
[2023-06-04 10:34:07,320] ERROR in settings: This is a test error
[2023-06-04 10:48:03,679] ERROR in settings: This is a test error
[2023-06-04 10:48:04,288] ERROR in settings: This is a test error
[2023-06-04 10:49:03,232] ERROR in settings: This is a test error
[2023-06-04 10:49:04,054] ERROR in settings: This is a test error
[2023-06-04 10:53:29,180] ERROR in settings: This is a test error
[2023-06-04 10:53:29,789] ERROR in settings: This is a test error
[2023-06-04 10:58:47,291] ERROR in settings: This is a test error
[2023-06-04 10:58:47,932] ERROR in settings: This is a test error
[2023-06-04 11:28:15,679] ERROR in settings: This is a test error
[2023-06-04 11:28:16,366] ERROR in settings: This is a test error
[2023-06-04 11:33:37,875] ERROR in settings: This is a test error
[2023-06-04 11:33:38,503] ERROR in settings: This is a test error
[2023-06-04 11:34:09,073] ERROR in settings: This is a test error
[2023-06-04 11:34:14,009] ERROR in settings: This is a test error
[2023-06-04 11:43:31,334] ERROR in settings: This is a test error
[2023-06-04 11:43:32,022] ERROR in settings: This is a test error
[2023-06-04 14:42:57,580] ERROR in settings: This is a test error
[2023-06-04 14:42:58,237] ERROR in settings: This is a test error
[2023-06-04 14:44:11,451] ERROR in settings: This is a test error
[2023-06-04 14:44:12,076] ERROR in settings: This is a test error
[2023-06-04 14:45:54,220] ERROR in settings: This is a test error
[2023-06-04 14:45:54,800] ERROR in settings: This is a test error
[2023-06-04 14:46:12,032] ERROR in settings: This is a test error
[2023-06-04 14:46:12,610] ERROR in settings: This is a test error
[2023-06-04 14:46:46,431] ERROR in settings: This is a test error
[2023-06-04 14:47:26,629] ERROR in settings: This is a test error
[2023-06-04 14:47:27,275] ERROR in settings: This is a test error
[2023-06-04 14:48:40,393] ERROR in settings: This is a test error
[2023-06-04 14:48:40,972] ERROR in settings: This is a test error
[2023-06-04 14:49:11,994] ERROR in settings: This is a test error
[2023-06-04 12:02:13,894] ERROR in settings: This is a test error
[2023-06-04 12:02:14,526] ERROR in settings: This is a test error
[2023-06-04 23:04:04,944] ERROR in settings: This is a test error
[2023-06-04 23:04:05,741] ERROR in settings: This is a test error
[2023-06-04 11:07:15,979] ERROR in settings: This is a test error
[2023-06-04 11:07:16,682] ERROR in settings: This is a test error
[2023-06-04 10:30:11,516] ERROR in settings: This is a test error
[2023-06-04 10:30:12,126] ERROR in settings: This is a test error
[2023-06-04 10:29:47,704] ERROR in settings: This is a test error
[2023-06-04 10:29:48,298] ERROR in settings: This is a test error
[2023-06-05 10:28:48,010] ERROR in settings: This is a test error
[2023-06-05 10:28:49,088] ERROR in settings: This is a test error
[2023-06-04 15:11:20,865] ERROR in settings: This is a test error
[2023-06-04 15:11:21,525] ERROR in settings: This is a test error
[2023-06-04 15:13:45,090] ERROR in settings: This is a test error
[2023-06-04 15:13:45,692] ERROR in settings: This is a test error
